<?xml version="1.0" encoding="UTF-8"?>
<testsuite name="study.AlgorithmTest" tests="1" skipped="0" failures="0" errors="0" timestamp="2022-05-03T06:51:59" hostname="jeonghuiduui-MacBookPro.local" time="0.025">
  <properties/>
  <testcase name="배열의 인덱스의 값 중 자신 보다 두배인 값이 존재하는 배열을 찾아라" classname="study.AlgorithmTest" time="0.025"/>
  <system-out><![CDATA[]]></system-out>
  <system-err><![CDATA[]]></system-err>
</testsuite>
