<?xml version="1.0" encoding="UTF-8"?>
<testsuite name="study.AlgorithmTest" tests="1" skipped="0" failures="0" errors="0" timestamp="2022-05-11T03:38:02" hostname="jeonghuiduui-MacBookPro.local" time="0.025">
  <properties/>
  <testcase name="산올라가기 코드" classname="study.AlgorithmTest" time="0.025"/>
  <system-out><![CDATA[]]></system-out>
  <system-err><![CDATA[]]></system-err>
</testsuite>
